2024-04-09 01:53:59,259:INFO:PyCaret Supervised Module
2024-04-09 01:53:59,260:INFO:ML Usecase: classification
2024-04-09 01:53:59,260:INFO:version 2.3.10
2024-04-09 01:53:59,260:INFO:Initializing setup()
2024-04-09 01:53:59,260:INFO:setup(target=Class, ml_usecase=classification, available_plots={'parameter': 'Hyperparameters', 'auc': 'AUC', 'confusion_matrix': 'Confusion Matrix', 'threshold': 'Threshold', 'pr': 'Precision Recall', 'error': 'Prediction Error', 'class_report': 'Class Report', 'rfe': 'Feature Selection', 'learning': 'Learning Curve', 'manifold': 'Manifold Learning', 'calibration': 'Calibration Curve', 'vc': 'Validation Curve', 'dimension': 'Dimensions', 'feature': 'Feature Importance', 'feature_all': 'Feature Importance (All)', 'boundary': 'Decision Boundary', 'lift': 'Lift Chart', 'gain': 'Gain Chart', 'tree': 'Decision Tree', 'ks': 'KS Statistic Plot'}, train_size=0.8, test_data=None, preprocess=True, imputation_type=simple, iterative_imputation_iters=5, categorical_features=['term', 'sub_grade', 'addr_state', 'verification_status', 'emp_length'], categorical_imputation=constant, categorical_iterative_imputer=lightgbm, ordinal_features=None, high_cardinality_features=None, high_cardinality_method=frequency, numeric_features=['int_rate', 'annual_inc', 'revol_util', 'funded_amnt', 'delinq_2yrs', 'inq_last_6mths', 'acc_now_delinq', 'open_il_6m', 'open_il_12m', 'open_il_24m', 'total_bal_il', 'all_util', 'inq_fi', 'inq_last_12m', 'delinq_amnt', 'num_il_tl', 'total_il_high_credit_limit'], numeric_imputation=mean, numeric_iterative_imputer=lightgbm, date_features=None, ignore_features=None, normalize=False, normalize_method=zscore, transformation=False, transformation_method=yeo-johnson, handle_unknown_categorical=True, unknown_categorical_method=least_frequent, pca=False, pca_method=linear, pca_components=None, ignore_low_variance=False, combine_rare_levels=False, rare_level_threshold=0.1, bin_numeric_features=None, remove_outliers=False, outliers_threshold=0.05, remove_multicollinearity=False, multicollinearity_threshold=0.9, remove_perfect_collinearity=True, create_clusters=False, cluster_iter=20, polynomial_features=False, polynomial_degree=2, trigonometry_features=False, polynomial_threshold=0.1, group_features=None, group_names=None, feature_selection=False, feature_selection_threshold=0.8, feature_selection_method=classic, feature_interaction=False, feature_ratio=False, interaction_threshold=0.01, fix_imbalance=False, fix_imbalance_method=None, transform_target=False, transform_target_method=box-cox, data_split_shuffle=True, data_split_stratify=False, fold_strategy=stratifiedkfold, fold=10, fold_shuffle=False, fold_groups=None, n_jobs=-1, use_gpu=False, custom_pipeline=None, html=True, session_id=123, log_experiment=False, experiment_name=None, experiment_custom_tags=None, log_plots=False, log_profile=False, log_data=False, silent=False, verbose=True, profile=False, profile_kwargs=None, display=None)
2024-04-09 01:53:59,262:INFO:Checking environment
2024-04-09 01:53:59,262:INFO:python_version: 3.7.12
2024-04-09 01:53:59,262:INFO:python_build: ('default', 'Oct 26 2021 05:35:01')
2024-04-09 01:53:59,262:INFO:machine: AMD64
2024-04-09 01:53:59,262:INFO:platform: Windows-10-10.0.19041-SP0
2024-04-09 01:53:59,269:INFO:Memory: svmem(total=17032478720, available=4605267968, percent=73.0, used=12427210752, free=4605267968)
2024-04-09 01:53:59,270:INFO:Physical Core: 2
2024-04-09 01:53:59,270:INFO:Logical Core: 4
2024-04-09 01:53:59,271:INFO:Checking libraries
2024-04-09 01:53:59,271:INFO:pd==1.1.5
2024-04-09 01:53:59,271:INFO:numpy==1.19.5
2024-04-09 01:53:59,272:INFO:sklearn==0.23.2
2024-04-09 01:53:59,272:INFO:lightgbm==3.3.5
2024-04-09 01:53:59,705:INFO:catboost==1.1.1
2024-04-09 01:53:59,705:INFO:xgboost==1.6.2
2024-04-09 01:53:59,705:INFO:mlflow==1.30.1
2024-04-09 01:53:59,705:INFO:Checking Exceptions
2024-04-09 01:53:59,705:INFO:Declaring global variables
2024-04-09 01:53:59,705:INFO:USI: a4d5
2024-04-09 01:53:59,705:INFO:pycaret_globals: {'stratify_param', 'prep_pipe', 'X_train', '_ml_usecase', '_all_models_internal', 'master_model_container', 'fold_groups_param_full', 'dashboard_logger', 'iterative_imputation_iters_param', 'experiment__', 'fix_imbalance_method_param', 'logging_param', 'gpu_param', 'fold_shuffle_param', '_internal_pipeline', 'imputation_regressor', 'exp_name_log', 'create_model_container', 'fold_generator', 'display_container', '_available_plots', 'n_jobs_param', 'transform_target_param', 'X_test', 'log_plots_param', 'fold_param', 'fold_groups_param', 'y', 'imputation_classifier', '_all_models', 'y_train', '_gpu_n_jobs_param', 'data_before_preprocess', 'target_param', 'fix_imbalance_param', 'X', '_all_metrics', 'y_test', 'transform_target_method_param', 'pycaret_globals', 'html_param', 'USI', 'seed'}
2024-04-09 01:53:59,705:INFO:Preparing display monitor
2024-04-09 01:53:59,705:INFO:Preparing display monitor
2024-04-09 01:53:59,744:INFO:Importing libraries
2024-04-09 01:53:59,744:INFO:Copying data for preprocessing
2024-04-09 01:53:59,782:INFO:Declaring preprocessing parameters
2024-04-09 01:53:59,790:INFO:Creating preprocessing pipeline
2024-04-09 01:53:59,861:INFO:Preprocessing pipeline created successfully
2024-04-09 01:53:59,861:ERROR:(Process Exit): setup has been interupted with user command 'quit'. setup must rerun.
2024-04-09 01:53:59,862:INFO:Creating global containers
2024-04-09 01:53:59,865:INFO:Internal pipeline: Pipeline(memory=None, steps=[('empty_step', 'passthrough')], verbose=False)
2024-04-09 02:15:46,687:INFO:Creating grid variables
2024-04-09 02:15:46,743:INFO:create_model_container: 0
2024-04-09 02:15:46,743:INFO:master_model_container: 0
2024-04-09 02:15:46,743:INFO:display_container: 1
2024-04-09 02:15:46,767:INFO:Pipeline(memory=None,
         steps=[('dtypes',
                 DataTypes_Auto_infer(categorical_features=['term', 'sub_grade',
                                                            'addr_state',
                                                            'verification_status',
                                                            'emp_length'],
                                      display_types=True, features_todrop=[],
                                      id_columns=[],
                                      ml_usecase='classification',
                                      numerical_features=['int_rate',
                                                          'annual_inc',
                                                          'revol_util',
                                                          'funded_amnt',
                                                          'delinq_2yrs',
                                                          'inq_last_6mths',
                                                          'acc_now_delinq',
                                                          'o...
                ('scaling', 'passthrough'), ('P_transform', 'passthrough'),
                ('binn', 'passthrough'), ('rem_outliers', 'passthrough'),
                ('cluster_all', 'passthrough'),
                ('dummy', Dummify(target='Class')),
                ('fix_perfect', Remove_100(target='Class')),
                ('clean_names', Clean_Colum_Names()),
                ('feature_select', 'passthrough'), ('fix_multi', 'passthrough'),
                ('dfs', 'passthrough'), ('pca', 'passthrough')],
         verbose=False)
2024-04-09 02:15:46,767:INFO:setup() succesfully completed......................................
2024-04-09 02:16:18,483:INFO:Initializing create_model()
2024-04-09 02:16:18,483:INFO:create_model(estimator=xgboost, fold=None, round=4, cross_validation=True, predict=True, fit_kwargs=None, groups=None, refit=True, verbose=True, system=True, metrics=None, experiment_custom_tags=None, add_to_model_list=True, probability_threshold=None, display=None, return_train_score=False, kwargs={})
2024-04-09 02:16:18,484:INFO:Checking exceptions
2024-04-09 02:16:18,484:INFO:Preparing display monitor
2024-04-09 02:16:18,519:INFO:Importing libraries
2024-04-09 02:16:18,519:INFO:Copying training dataset
2024-04-09 02:16:18,536:INFO:Defining folds
2024-04-09 02:16:18,536:INFO:Declaring metric variables
2024-04-09 02:16:18,581:INFO:Importing untrained model
2024-04-09 02:16:18,611:INFO:Extreme Gradient Boosting Imported succesfully
2024-04-09 02:16:18,666:INFO:Starting cross validation
2024-04-09 02:16:18,697:INFO:Cross validating with StratifiedKFold(n_splits=10, random_state=None, shuffle=False), n_jobs=-1
2024-04-09 02:16:39,525:INFO:Initializing create_model()
2024-04-09 02:16:39,525:INFO:create_model(estimator=xgboost, fold=None, round=4, cross_validation=True, predict=True, fit_kwargs=None, groups=None, refit=True, verbose=True, system=True, metrics=None, experiment_custom_tags=None, add_to_model_list=True, probability_threshold=None, display=None, return_train_score=False, kwargs={})
2024-04-09 02:16:39,525:INFO:Checking exceptions
2024-04-09 02:16:39,525:INFO:Preparing display monitor
2024-04-09 02:16:39,563:INFO:Importing libraries
2024-04-09 02:16:39,564:INFO:Copying training dataset
2024-04-09 02:16:39,568:INFO:Defining folds
2024-04-09 02:16:39,568:INFO:Declaring metric variables
2024-04-09 02:16:39,596:INFO:Importing untrained model
2024-04-09 02:16:39,642:INFO:Extreme Gradient Boosting Imported succesfully
2024-04-09 02:16:39,692:INFO:Starting cross validation
2024-04-09 02:16:39,708:INFO:Cross validating with StratifiedKFold(n_splits=10, random_state=None, shuffle=False), n_jobs=-1
2024-04-09 02:16:42,709:INFO:Initializing create_model()
2024-04-09 02:16:42,709:INFO:create_model(estimator=xgboost, fold=None, round=4, cross_validation=True, predict=True, fit_kwargs=None, groups=None, refit=True, verbose=True, system=True, metrics=None, experiment_custom_tags=None, add_to_model_list=True, probability_threshold=None, display=None, return_train_score=False, kwargs={})
2024-04-09 02:16:42,709:INFO:Checking exceptions
2024-04-09 02:16:42,709:INFO:Preparing display monitor
2024-04-09 02:16:42,756:INFO:Importing libraries
2024-04-09 02:16:42,757:INFO:Copying training dataset
2024-04-09 02:16:42,760:INFO:Defining folds
2024-04-09 02:16:42,760:INFO:Declaring metric variables
2024-04-09 02:16:42,819:INFO:Importing untrained model
2024-04-09 02:16:42,865:INFO:Extreme Gradient Boosting Imported succesfully
2024-04-09 02:16:42,957:INFO:Starting cross validation
2024-04-09 02:16:42,965:INFO:Cross validating with StratifiedKFold(n_splits=10, random_state=None, shuffle=False), n_jobs=-1
2024-04-09 02:16:48,619:INFO:Initializing create_model()
2024-04-09 02:16:48,619:INFO:create_model(estimator=xgboost, fold=None, round=4, cross_validation=True, predict=True, fit_kwargs=None, groups=None, refit=True, verbose=True, system=True, metrics=None, experiment_custom_tags=None, add_to_model_list=True, probability_threshold=None, display=None, return_train_score=False, kwargs={})
2024-04-09 02:16:48,619:INFO:Checking exceptions
2024-04-09 02:16:48,619:INFO:Preparing display monitor
2024-04-09 02:16:48,663:INFO:Importing libraries
2024-04-09 02:16:48,663:INFO:Copying training dataset
2024-04-09 02:16:48,667:INFO:Defining folds
2024-04-09 02:16:48,667:INFO:Declaring metric variables
2024-04-09 02:16:48,692:INFO:Importing untrained model
2024-04-09 02:16:48,790:INFO:Extreme Gradient Boosting Imported succesfully
2024-04-09 02:16:48,845:INFO:Starting cross validation
2024-04-09 02:16:48,907:INFO:Cross validating with StratifiedKFold(n_splits=10, random_state=None, shuffle=False), n_jobs=-1
2024-04-09 02:17:04,885:INFO:Initializing create_model()
2024-04-09 02:17:04,885:INFO:create_model(estimator=xgboost, fold=None, round=4, cross_validation=True, predict=True, fit_kwargs=None, groups=None, refit=True, verbose=True, system=True, metrics=None, experiment_custom_tags=None, add_to_model_list=True, probability_threshold=None, display=None, return_train_score=False, kwargs={})
2024-04-09 02:17:04,885:INFO:Checking exceptions
2024-04-09 02:17:04,885:INFO:Preparing display monitor
2024-04-09 02:17:04,938:INFO:Importing libraries
2024-04-09 02:17:04,939:INFO:Copying training dataset
2024-04-09 02:17:04,941:INFO:Defining folds
2024-04-09 02:17:04,942:INFO:Declaring metric variables
2024-04-09 02:17:04,972:INFO:Importing untrained model
2024-04-09 02:17:05,031:INFO:Extreme Gradient Boosting Imported succesfully
2024-04-09 02:17:05,136:INFO:Starting cross validation
2024-04-09 02:17:05,138:INFO:Cross validating with StratifiedKFold(n_splits=10, random_state=None, shuffle=False), n_jobs=-1
2024-04-09 02:17:43,903:INFO:Initializing create_model()
2024-04-09 02:17:43,903:INFO:create_model(estimator=xgboost, fold=None, round=4, cross_validation=True, predict=True, fit_kwargs=None, groups=None, refit=True, verbose=True, system=True, metrics=None, experiment_custom_tags=None, add_to_model_list=True, probability_threshold=None, display=None, return_train_score=False, kwargs={})
2024-04-09 02:17:43,903:INFO:Checking exceptions
2024-04-09 02:17:43,903:INFO:Preparing display monitor
2024-04-09 02:17:43,950:INFO:Importing libraries
2024-04-09 02:17:43,950:INFO:Copying training dataset
2024-04-09 02:17:43,953:INFO:Defining folds
2024-04-09 02:17:43,954:INFO:Declaring metric variables
2024-04-09 02:17:43,983:INFO:Importing untrained model
2024-04-09 02:17:44,017:INFO:Extreme Gradient Boosting Imported succesfully
2024-04-09 02:17:44,102:INFO:Starting cross validation
2024-04-09 02:17:44,121:INFO:Cross validating with StratifiedKFold(n_splits=10, random_state=None, shuffle=False), n_jobs=-1
2024-04-09 02:17:46,408:INFO:Initializing create_model()
2024-04-09 02:17:46,408:INFO:create_model(estimator=xgboost, fold=None, round=4, cross_validation=True, predict=True, fit_kwargs=None, groups=None, refit=True, verbose=True, system=True, metrics=None, experiment_custom_tags=None, add_to_model_list=True, probability_threshold=None, display=None, return_train_score=False, kwargs={})
2024-04-09 02:17:46,408:INFO:Checking exceptions
2024-04-09 02:17:46,408:INFO:Preparing display monitor
2024-04-09 02:17:46,457:INFO:Importing libraries
2024-04-09 02:17:46,457:INFO:Copying training dataset
2024-04-09 02:17:46,462:INFO:Defining folds
2024-04-09 02:17:46,463:INFO:Declaring metric variables
2024-04-09 02:17:46,493:INFO:Importing untrained model
2024-04-09 02:17:46,513:INFO:Extreme Gradient Boosting Imported succesfully
2024-04-09 02:17:46,565:INFO:Starting cross validation
2024-04-09 02:17:46,570:INFO:Cross validating with StratifiedKFold(n_splits=10, random_state=None, shuffle=False), n_jobs=-1
2024-04-09 02:18:34,158:INFO:Initializing create_model()
2024-04-09 02:18:34,159:INFO:create_model(estimator=xgboost, fold=None, round=4, cross_validation=True, predict=True, fit_kwargs=None, groups=None, refit=True, verbose=True, system=True, metrics=None, experiment_custom_tags=None, add_to_model_list=True, probability_threshold=None, display=None, return_train_score=False, kwargs={})
2024-04-09 02:18:34,159:INFO:Checking exceptions
2024-04-09 02:18:34,160:INFO:Preparing display monitor
2024-04-09 02:18:34,191:INFO:Importing libraries
2024-04-09 02:18:34,201:INFO:Copying training dataset
2024-04-09 02:18:34,204:INFO:Defining folds
2024-04-09 02:18:34,204:INFO:Declaring metric variables
2024-04-09 02:18:34,230:INFO:Importing untrained model
2024-04-09 02:18:34,265:INFO:Extreme Gradient Boosting Imported succesfully
2024-04-09 02:18:34,334:INFO:Starting cross validation
2024-04-09 02:18:34,339:INFO:Cross validating with StratifiedKFold(n_splits=10, random_state=None, shuffle=False), n_jobs=-1
2024-04-09 02:20:35,725:INFO:PyCaret Supervised Module
2024-04-09 02:20:35,726:INFO:ML Usecase: classification
2024-04-09 02:20:35,726:INFO:version 2.3.10
2024-04-09 02:20:35,726:INFO:Initializing setup()
2024-04-09 02:20:35,726:INFO:setup(target=Class, ml_usecase=classification, available_plots={'parameter': 'Hyperparameters', 'auc': 'AUC', 'confusion_matrix': 'Confusion Matrix', 'threshold': 'Threshold', 'pr': 'Precision Recall', 'error': 'Prediction Error', 'class_report': 'Class Report', 'rfe': 'Feature Selection', 'learning': 'Learning Curve', 'manifold': 'Manifold Learning', 'calibration': 'Calibration Curve', 'vc': 'Validation Curve', 'dimension': 'Dimensions', 'feature': 'Feature Importance', 'feature_all': 'Feature Importance (All)', 'boundary': 'Decision Boundary', 'lift': 'Lift Chart', 'gain': 'Gain Chart', 'tree': 'Decision Tree', 'ks': 'KS Statistic Plot'}, train_size=0.8, test_data=None, preprocess=True, imputation_type=simple, iterative_imputation_iters=5, categorical_features=['term', 'sub_grade', 'addr_state', 'verification_status', 'emp_length'], categorical_imputation=constant, categorical_iterative_imputer=lightgbm, ordinal_features=None, high_cardinality_features=None, high_cardinality_method=frequency, numeric_features=['int_rate', 'annual_inc', 'revol_util', 'funded_amnt', 'delinq_2yrs', 'inq_last_6mths', 'acc_now_delinq', 'open_il_6m', 'open_il_12m', 'open_il_24m', 'total_bal_il', 'all_util', 'inq_fi', 'inq_last_12m', 'delinq_amnt', 'num_il_tl', 'total_il_high_credit_limit'], numeric_imputation=mean, numeric_iterative_imputer=lightgbm, date_features=None, ignore_features=None, normalize=False, normalize_method=zscore, transformation=False, transformation_method=yeo-johnson, handle_unknown_categorical=True, unknown_categorical_method=least_frequent, pca=False, pca_method=linear, pca_components=None, ignore_low_variance=False, combine_rare_levels=False, rare_level_threshold=0.1, bin_numeric_features=None, remove_outliers=False, outliers_threshold=0.05, remove_multicollinearity=False, multicollinearity_threshold=0.9, remove_perfect_collinearity=True, create_clusters=False, cluster_iter=20, polynomial_features=False, polynomial_degree=2, trigonometry_features=False, polynomial_threshold=0.1, group_features=None, group_names=None, feature_selection=False, feature_selection_threshold=0.8, feature_selection_method=classic, feature_interaction=False, feature_ratio=False, interaction_threshold=0.01, fix_imbalance=False, fix_imbalance_method=None, transform_target=False, transform_target_method=box-cox, data_split_shuffle=True, data_split_stratify=False, fold_strategy=stratifiedkfold, fold=10, fold_shuffle=False, fold_groups=None, n_jobs=-1, use_gpu=False, custom_pipeline=None, html=True, session_id=123, log_experiment=False, experiment_name=None, experiment_custom_tags=None, log_plots=False, log_profile=False, log_data=False, silent=False, verbose=True, profile=False, profile_kwargs=None, display=None)
2024-04-09 02:20:35,727:INFO:Checking environment
2024-04-09 02:20:35,727:INFO:python_version: 3.7.12
2024-04-09 02:20:35,727:INFO:python_build: ('default', 'Oct 26 2021 05:35:01')
2024-04-09 02:20:35,727:INFO:machine: AMD64
2024-04-09 02:20:35,727:INFO:platform: Windows-10-10.0.19041-SP0
2024-04-09 02:20:35,728:INFO:Memory: svmem(total=17032478720, available=4333576192, percent=74.6, used=12698902528, free=4333576192)
2024-04-09 02:20:35,728:INFO:Physical Core: 2
2024-04-09 02:20:35,728:INFO:Logical Core: 4
2024-04-09 02:20:35,728:INFO:Checking libraries
2024-04-09 02:20:35,728:INFO:pd==1.1.5
2024-04-09 02:20:35,728:INFO:numpy==1.19.5
2024-04-09 02:20:35,728:INFO:sklearn==0.23.2
2024-04-09 02:20:35,728:INFO:lightgbm==3.3.5
2024-04-09 02:20:36,105:INFO:catboost==1.1.1
2024-04-09 02:20:36,105:INFO:xgboost==1.6.2
2024-04-09 02:20:36,105:INFO:mlflow==1.30.1
2024-04-09 02:20:36,105:INFO:Checking Exceptions
2024-04-09 02:20:36,105:INFO:Declaring global variables
2024-04-09 02:20:36,105:INFO:USI: d9e3
2024-04-09 02:20:36,105:INFO:pycaret_globals: {'X', 'fold_shuffle_param', '_available_plots', 'dashboard_logger', 'n_jobs_param', 'fix_imbalance_method_param', 'y_test', 'fold_groups_param_full', 'y', 'fold_groups_param', '_all_models_internal', 'log_plots_param', 'logging_param', 'html_param', 'create_model_container', 'fix_imbalance_param', 'pycaret_globals', '_gpu_n_jobs_param', '_all_models', 'X_train', 'USI', 'fold_generator', 'y_train', 'X_test', 'fold_param', 'master_model_container', 'iterative_imputation_iters_param', 'seed', 'exp_name_log', 'data_before_preprocess', 'experiment__', '_internal_pipeline', '_all_metrics', 'stratify_param', '_ml_usecase', 'transform_target_method_param', 'prep_pipe', 'gpu_param', 'imputation_regressor', 'display_container', 'target_param', 'transform_target_param', 'imputation_classifier'}
2024-04-09 02:20:36,105:INFO:Preparing display monitor
2024-04-09 02:20:36,105:INFO:Preparing display monitor
2024-04-09 02:20:36,132:INFO:Importing libraries
2024-04-09 02:20:36,134:INFO:Copying data for preprocessing
2024-04-09 02:20:36,154:INFO:Declaring preprocessing parameters
2024-04-09 02:20:36,160:INFO:Creating preprocessing pipeline
2024-04-09 02:20:36,212:INFO:Preprocessing pipeline created successfully
2024-04-09 02:20:36,212:ERROR:(Process Exit): setup has been interupted with user command 'quit'. setup must rerun.
2024-04-09 02:20:36,212:INFO:Creating global containers
2024-04-09 02:20:36,216:INFO:Internal pipeline: Pipeline(memory=None, steps=[('empty_step', 'passthrough')], verbose=False)
2024-04-09 02:21:55,213:INFO:Creating grid variables
2024-04-09 02:21:55,277:INFO:create_model_container: 0
2024-04-09 02:21:55,278:INFO:master_model_container: 0
2024-04-09 02:21:55,278:INFO:display_container: 1
2024-04-09 02:21:55,298:INFO:Pipeline(memory=None,
         steps=[('dtypes',
                 DataTypes_Auto_infer(categorical_features=['term', 'sub_grade',
                                                            'addr_state',
                                                            'verification_status',
                                                            'emp_length'],
                                      display_types=True, features_todrop=[],
                                      id_columns=[],
                                      ml_usecase='classification',
                                      numerical_features=['int_rate',
                                                          'annual_inc',
                                                          'revol_util',
                                                          'funded_amnt',
                                                          'delinq_2yrs',
                                                          'inq_last_6mths',
                                                          'acc_now_delinq',
                                                          'o...
                ('scaling', 'passthrough'), ('P_transform', 'passthrough'),
                ('binn', 'passthrough'), ('rem_outliers', 'passthrough'),
                ('cluster_all', 'passthrough'),
                ('dummy', Dummify(target='Class')),
                ('fix_perfect', Remove_100(target='Class')),
                ('clean_names', Clean_Colum_Names()),
                ('feature_select', 'passthrough'), ('fix_multi', 'passthrough'),
                ('dfs', 'passthrough'), ('pca', 'passthrough')],
         verbose=False)
2024-04-09 02:21:55,298:INFO:setup() succesfully completed......................................
2024-04-09 02:23:23,554:INFO:Initializing create_model()
2024-04-09 02:23:23,554:INFO:create_model(estimator=xgboost, fold=None, round=4, cross_validation=True, predict=True, fit_kwargs=None, groups=None, refit=True, verbose=True, system=True, metrics=None, experiment_custom_tags=None, add_to_model_list=True, probability_threshold=None, display=None, return_train_score=False, kwargs={})
2024-04-09 02:23:23,554:INFO:Checking exceptions
2024-04-09 02:23:23,554:INFO:Preparing display monitor
2024-04-09 02:23:23,602:INFO:Importing libraries
2024-04-09 02:23:23,602:INFO:Copying training dataset
2024-04-09 02:23:23,602:INFO:Defining folds
2024-04-09 02:23:23,602:INFO:Declaring metric variables
2024-04-09 02:23:23,637:INFO:Importing untrained model
2024-04-09 02:23:23,677:INFO:Extreme Gradient Boosting Imported succesfully
2024-04-09 02:23:23,756:INFO:Starting cross validation
2024-04-09 02:23:23,763:INFO:Cross validating with StratifiedKFold(n_splits=10, random_state=None, shuffle=False), n_jobs=-1
2024-04-09 02:23:36,803:INFO:Initializing create_model()
2024-04-09 02:23:36,803:INFO:create_model(estimator=xgboost, fold=None, round=4, cross_validation=True, predict=True, fit_kwargs=None, groups=None, refit=True, verbose=True, system=True, metrics=None, experiment_custom_tags=None, add_to_model_list=True, probability_threshold=None, display=None, return_train_score=False, kwargs={})
2024-04-09 02:23:36,803:INFO:Checking exceptions
2024-04-09 02:23:36,803:INFO:Preparing display monitor
2024-04-09 02:23:36,848:INFO:Importing libraries
2024-04-09 02:23:36,850:INFO:Copying training dataset
2024-04-09 02:23:36,851:INFO:Defining folds
2024-04-09 02:23:36,851:INFO:Declaring metric variables
2024-04-09 02:23:36,891:INFO:Importing untrained model
2024-04-09 02:23:36,929:INFO:Extreme Gradient Boosting Imported succesfully
2024-04-09 02:23:37,004:INFO:Starting cross validation
2024-04-09 02:23:37,007:INFO:Cross validating with StratifiedKFold(n_splits=10, random_state=None, shuffle=False), n_jobs=-1
2024-04-09 02:28:26,727:INFO:Initializing create_model()
2024-04-09 02:28:26,727:INFO:create_model(estimator=xgboost, fold=None, round=4, cross_validation=True, predict=True, fit_kwargs=None, groups=None, refit=True, verbose=True, system=True, metrics=None, experiment_custom_tags=None, add_to_model_list=True, probability_threshold=None, display=None, return_train_score=False, kwargs={})
2024-04-09 02:28:26,727:INFO:Checking exceptions
2024-04-09 02:28:26,727:INFO:Preparing display monitor
2024-04-09 02:28:26,771:INFO:Importing libraries
2024-04-09 02:28:26,771:INFO:Copying training dataset
2024-04-09 02:28:26,771:INFO:Defining folds
2024-04-09 02:28:26,771:INFO:Declaring metric variables
2024-04-09 02:28:26,825:INFO:Importing untrained model
2024-04-09 02:28:26,848:INFO:Extreme Gradient Boosting Imported succesfully
2024-04-09 02:28:26,991:INFO:Starting cross validation
2024-04-09 02:28:27,004:INFO:Cross validating with StratifiedKFold(n_splits=10, random_state=None, shuffle=False), n_jobs=-1
2024-04-09 02:28:53,801:INFO:Initializing create_model()
2024-04-09 02:28:53,801:INFO:create_model(estimator=xgboost, fold=None, round=4, cross_validation=True, predict=True, fit_kwargs=None, groups=None, refit=True, verbose=True, system=True, metrics=None, experiment_custom_tags=None, add_to_model_list=True, probability_threshold=None, display=None, return_train_score=False, kwargs={})
2024-04-09 02:28:53,801:INFO:Checking exceptions
2024-04-09 02:28:53,816:INFO:Preparing display monitor
2024-04-09 02:28:53,860:INFO:Importing libraries
2024-04-09 02:28:53,861:INFO:Copying training dataset
2024-04-09 02:28:53,862:INFO:Defining folds
2024-04-09 02:28:53,868:INFO:Declaring metric variables
2024-04-09 02:28:53,895:INFO:Importing untrained model
2024-04-09 02:28:53,940:INFO:Extreme Gradient Boosting Imported succesfully
2024-04-09 02:28:54,003:INFO:Starting cross validation
2024-04-09 02:28:54,022:INFO:Cross validating with StratifiedKFold(n_splits=10, random_state=None, shuffle=False), n_jobs=-1
